TN:
SF:.stryker-tmp\sandbox2254846\src\basic.js
FN:2,add
FN:6,substract
FN:10,multiply
FN:14,divide
FNF:4
FNH:4
FNDA:8,add
FNDA:1,substract
FNDA:1,multiply
FNDA:1,divide
DA:3,8
DA:7,1
DA:11,1
DA:15,1
DA:18,1
LF:5
LH:5
BRF:0
BRH:0
end_of_record
TN:
SF:.stryker-tmp\sandbox2254846\src\converter.js
FN:2,stryNS_9fa48
FN:8,retrieveNS
FN:15,stryCov_9fa48
FN:21,cover
FN:34,stryMutAct_9fa48
FN:36,isActive
FN:48,WeightConverter
FNF:7
FNH:7
FNDA:1,stryNS_9fa48
FNDA:3,retrieveNS
FNDA:1,stryCov_9fa48
FNDA:62,cover
FNDA:1,stryMutAct_9fa48
FNDA:84,isActive
FNDA:6,WeightConverter
DA:3,1
DA:4,1
DA:5,1
DA:6,0
DA:9,3
DA:11,1
DA:12,1
DA:14,1
DA:16,1
DA:17,1
DA:22,62
DA:23,62
DA:24,0
DA:26,62
DA:27,62
DA:28,84
DA:31,1
DA:32,1
DA:35,1
DA:37,84
DA:38,0
DA:39,0
DA:41,0
DA:43,84
DA:45,1
DA:46,1
DA:49,6
DA:52,6
DA:54,6
DA:55,3
DA:58,3
DA:59,3
DA:60,3
DA:62,3
DA:63,1
DA:66,1
DA:67,1
DA:68,1
DA:70,2
DA:71,1
DA:74,1
DA:75,1
DA:76,1
DA:79,1
DA:82,1
DA:83,1
DA:86,5
DA:89,1
DA:90,1
LF:49
LH:44
BRDA:3,0,0,1
BRDA:3,0,1,1
BRDA:3,0,2,1
BRDA:3,0,3,1
BRDA:3,0,4,0
BRDA:4,1,0,1
BRDA:4,1,1,1
BRDA:5,2,0,0
BRDA:5,2,1,1
BRDA:5,3,0,1
BRDA:5,3,1,1
BRDA:5,3,2,1
BRDA:5,3,3,1
BRDA:17,4,0,1
BRDA:17,4,1,1
BRDA:23,5,0,0
BRDA:23,5,1,62
BRDA:24,6,0,0
BRDA:24,6,1,0
BRDA:28,7,0,84
BRDA:28,7,1,33
BRDA:37,8,0,0
BRDA:37,8,1,84
BRDA:38,9,0,0
BRDA:38,9,1,0
BRDA:38,10,0,0
BRDA:38,10,1,0
BRDA:49,11,0,0
BRDA:49,11,1,6
BRDA:54,12,0,3
BRDA:54,12,1,3
BRDA:54,13,0,0
BRDA:54,13,1,6
BRDA:54,14,0,0
BRDA:54,14,1,6
BRDA:54,15,0,0
BRDA:54,15,1,6
BRDA:54,16,0,0
BRDA:54,16,1,6
BRDA:55,17,0,0
BRDA:55,17,1,3
BRDA:59,18,0,0
BRDA:59,18,1,3
BRDA:59,19,0,0
BRDA:59,19,1,3
BRDA:60,20,0,0
BRDA:60,20,1,3
BRDA:60,21,0,0
BRDA:60,21,1,3
BRDA:62,22,0,1
BRDA:62,22,1,2
BRDA:62,23,0,0
BRDA:62,23,1,3
BRDA:62,24,0,0
BRDA:62,24,1,3
BRDA:62,25,0,0
BRDA:62,25,1,3
BRDA:62,26,0,0
BRDA:62,26,1,3
BRDA:63,27,0,0
BRDA:63,27,1,1
BRDA:67,28,0,0
BRDA:67,28,1,1
BRDA:67,29,0,0
BRDA:67,29,1,1
BRDA:68,30,0,0
BRDA:68,30,1,1
BRDA:68,31,0,0
BRDA:68,31,1,1
BRDA:70,32,0,1
BRDA:70,32,1,1
BRDA:70,33,0,0
BRDA:70,33,1,2
BRDA:70,34,0,0
BRDA:70,34,1,2
BRDA:70,35,0,0
BRDA:70,35,1,2
BRDA:70,36,0,0
BRDA:70,36,1,2
BRDA:71,37,0,0
BRDA:71,37,1,1
BRDA:75,38,0,0
BRDA:75,38,1,1
BRDA:75,39,0,0
BRDA:75,39,1,1
BRDA:76,40,0,0
BRDA:76,40,1,1
BRDA:76,41,0,0
BRDA:76,41,1,1
BRDA:79,42,0,0
BRDA:79,42,1,1
BRDA:83,43,0,0
BRDA:83,43,1,1
BRDA:86,44,0,0
BRDA:86,44,1,5
BRDA:89,45,0,0
BRDA:89,45,1,1
BRDA:90,46,0,0
BRDA:90,46,1,1
BRF:99
BRH:56
end_of_record
TN:
SF:.stryker-tmp\sandbox2254846\src\isPalindrome.js
FN:2,stryNS_9fa48
FN:8,retrieveNS
FN:15,stryCov_9fa48
FN:21,cover
FN:34,stryMutAct_9fa48
FN:36,isActive
FN:48,isPalindrome
FNF:7
FNH:7
FNDA:1,stryNS_9fa48
FNDA:3,retrieveNS
FNDA:1,stryCov_9fa48
FNDA:289,cover
FNDA:1,stryMutAct_9fa48
FNDA:417,isActive
FNDA:12,isPalindrome
DA:3,1
DA:4,1
DA:5,1
DA:6,0
DA:9,3
DA:11,1
DA:12,1
DA:14,1
DA:16,1
DA:17,1
DA:22,289
DA:23,289
DA:24,0
DA:26,289
DA:27,289
DA:28,417
DA:31,1
DA:32,1
DA:35,1
DA:37,417
DA:38,0
DA:39,0
DA:41,0
DA:43,417
DA:45,1
DA:46,1
DA:49,12
DA:52,12
DA:53,12
DA:55,12
DA:56,12
DA:57,40
DA:60,40
DA:61,40
DA:62,40
DA:63,40
DA:66,12
DA:67,8
DA:70,1
DA:71,1
LF:40
LH:35
BRDA:3,0,0,1
BRDA:3,0,1,1
BRDA:3,0,2,1
BRDA:3,0,3,1
BRDA:3,0,4,0
BRDA:4,1,0,1
BRDA:4,1,1,1
BRDA:5,2,0,0
BRDA:5,2,1,1
BRDA:5,3,0,1
BRDA:5,3,1,1
BRDA:5,3,2,1
BRDA:5,3,3,1
BRDA:17,4,0,1
BRDA:17,4,1,1
BRDA:23,5,0,0
BRDA:23,5,1,289
BRDA:24,6,0,0
BRDA:24,6,1,0
BRDA:28,7,0,417
BRDA:28,7,1,15
BRDA:37,8,0,0
BRDA:37,8,1,417
BRDA:38,9,0,0
BRDA:38,9,1,0
BRDA:38,10,0,0
BRDA:38,10,1,0
BRDA:49,11,0,0
BRDA:49,11,1,12
BRDA:56,12,0,0
BRDA:56,12,1,52
BRDA:56,13,0,0
BRDA:56,13,1,52
BRDA:56,14,0,0
BRDA:56,14,1,52
BRDA:57,15,0,0
BRDA:57,15,1,40
BRDA:61,16,0,0
BRDA:61,16,1,40
BRDA:62,17,0,0
BRDA:62,17,1,40
BRDA:62,18,0,0
BRDA:62,18,1,40
BRDA:63,19,0,0
BRDA:63,19,1,40
BRDA:66,20,0,4
BRDA:66,20,1,8
BRDA:66,21,0,0
BRDA:66,21,1,12
BRDA:66,22,0,0
BRDA:66,22,1,12
BRDA:66,23,0,0
BRDA:66,23,1,12
BRDA:66,24,0,0
BRDA:66,24,1,4
BRDA:67,25,0,0
BRDA:67,25,1,8
BRDA:71,26,0,0
BRDA:71,26,1,1
BRF:59
BRH:34
end_of_record
TN:
SF:.stryker-tmp\sandbox2254846\src\mergeSort.js
FN:2,stryNS_9fa48
FN:8,retrieveNS
FN:15,stryCov_9fa48
FN:21,cover
FN:34,stryMutAct_9fa48
FN:36,isActive
FN:48,merge
FN:79,mergeSort
FNF:8
FNH:8
FNDA:1,stryNS_9fa48
FNDA:3,retrieveNS
FNDA:1,stryCov_9fa48
FNDA:324,cover
FNDA:1,stryMutAct_9fa48
FNDA:587,isActive
FNDA:16,merge
FNDA:37,mergeSort
DA:3,1
DA:4,1
DA:5,1
DA:6,0
DA:9,3
DA:11,1
DA:12,1
DA:14,1
DA:16,1
DA:17,1
DA:22,324
DA:23,324
DA:24,0
DA:26,324
DA:27,324
DA:28,587
DA:31,1
DA:32,1
DA:35,1
DA:37,587
DA:38,0
DA:39,0
DA:41,0
DA:43,587
DA:45,1
DA:46,1
DA:49,16
DA:52,16
DA:53,16
DA:54,16
DA:55,34
DA:58,34
DA:59,34
DA:60,16
DA:63,16
DA:64,16
DA:67,18
DA:70,18
DA:71,18
DA:76,16
DA:80,37
DA:83,37
DA:84,37
DA:85,16
DA:86,16
DA:87,16
DA:88,16
DA:91,1
DA:92,1
LF:49
LH:44
BRDA:3,0,0,1
BRDA:3,0,1,1
BRDA:3,0,2,1
BRDA:3,0,3,1
BRDA:3,0,4,0
BRDA:4,1,0,1
BRDA:4,1,1,1
BRDA:5,2,0,0
BRDA:5,2,1,1
BRDA:5,3,0,1
BRDA:5,3,1,1
BRDA:5,3,2,1
BRDA:5,3,3,1
BRDA:17,4,0,1
BRDA:17,4,1,1
BRDA:23,5,0,0
BRDA:23,5,1,324
BRDA:24,6,0,0
BRDA:24,6,1,0
BRDA:28,7,0,587
BRDA:28,7,1,22
BRDA:37,8,0,0
BRDA:37,8,1,587
BRDA:38,9,0,0
BRDA:38,9,1,0
BRDA:38,10,0,0
BRDA:38,10,1,0
BRDA:49,11,0,0
BRDA:49,11,1,16
BRDA:53,12,0,0
BRDA:53,12,1,16
BRDA:54,13,0,0
BRDA:54,13,1,50
BRDA:54,14,0,0
BRDA:54,14,1,0
BRDA:54,15,0,0
BRDA:54,15,1,50
BRDA:54,16,0,50
BRDA:54,16,1,41
BRDA:55,17,0,0
BRDA:55,17,1,34
BRDA:59,18,0,16
BRDA:59,18,1,18
BRDA:59,19,0,0
BRDA:59,19,1,34
BRDA:59,20,0,0
BRDA:59,20,1,34
BRDA:59,21,0,0
BRDA:59,21,1,34
BRDA:59,22,0,0
BRDA:59,22,1,34
BRDA:60,23,0,0
BRDA:60,23,1,16
BRDA:67,24,0,0
BRDA:67,24,1,18
BRDA:76,25,0,0
BRDA:76,25,1,16
BRDA:80,26,0,0
BRDA:80,26,1,37
BRDA:84,27,0,21
BRDA:84,27,1,16
BRDA:84,28,0,0
BRDA:84,28,1,37
BRDA:84,29,0,0
BRDA:84,29,1,37
BRDA:84,30,0,0
BRDA:84,30,1,37
BRDA:84,31,0,0
BRDA:84,31,1,37
BRDA:85,32,0,0
BRDA:85,32,1,16
BRDA:86,33,0,0
BRDA:86,33,1,16
BRDA:87,34,0,0
BRDA:87,34,1,16
BRDA:91,35,0,0
BRDA:91,35,1,1
BRDA:92,36,0,0
BRDA:92,36,1,1
BRF:79
BRH:45
end_of_record
TN:
SF:.stryker-tmp\sandbox4766850\src\basic.js
FN:2,add
FN:6,substract
FN:10,multiply
FN:14,divide
FNF:4
FNH:4
FNDA:8,add
FNDA:1,substract
FNDA:1,multiply
FNDA:1,divide
DA:3,8
DA:7,1
DA:11,1
DA:15,1
DA:18,1
LF:5
LH:5
BRF:0
BRH:0
end_of_record
TN:
SF:.stryker-tmp\sandbox4766850\src\converter.js
FN:2,stryNS_9fa48
FN:8,retrieveNS
FN:15,stryCov_9fa48
FN:21,cover
FN:34,stryMutAct_9fa48
FN:36,isActive
FN:48,WeightConverter
FNF:7
FNH:7
FNDA:1,stryNS_9fa48
FNDA:3,retrieveNS
FNDA:1,stryCov_9fa48
FNDA:62,cover
FNDA:1,stryMutAct_9fa48
FNDA:84,isActive
FNDA:6,WeightConverter
DA:3,1
DA:4,1
DA:5,1
DA:6,0
DA:9,3
DA:11,1
DA:12,1
DA:14,1
DA:16,1
DA:17,1
DA:22,62
DA:23,62
DA:24,0
DA:26,62
DA:27,62
DA:28,84
DA:31,1
DA:32,1
DA:35,1
DA:37,84
DA:38,0
DA:39,0
DA:41,0
DA:43,84
DA:45,1
DA:46,1
DA:49,6
DA:52,6
DA:54,6
DA:55,3
DA:58,3
DA:59,3
DA:60,3
DA:62,3
DA:63,1
DA:66,1
DA:67,1
DA:68,1
DA:70,2
DA:71,1
DA:74,1
DA:75,1
DA:76,1
DA:79,1
DA:82,1
DA:83,1
DA:86,5
DA:89,1
DA:90,1
LF:49
LH:44
BRDA:3,0,0,1
BRDA:3,0,1,1
BRDA:3,0,2,1
BRDA:3,0,3,1
BRDA:3,0,4,0
BRDA:4,1,0,1
BRDA:4,1,1,1
BRDA:5,2,0,0
BRDA:5,2,1,1
BRDA:5,3,0,1
BRDA:5,3,1,1
BRDA:5,3,2,1
BRDA:5,3,3,1
BRDA:17,4,0,1
BRDA:17,4,1,1
BRDA:23,5,0,0
BRDA:23,5,1,62
BRDA:24,6,0,0
BRDA:24,6,1,0
BRDA:28,7,0,84
BRDA:28,7,1,33
BRDA:37,8,0,0
BRDA:37,8,1,84
BRDA:38,9,0,0
BRDA:38,9,1,0
BRDA:38,10,0,0
BRDA:38,10,1,0
BRDA:49,11,0,0
BRDA:49,11,1,6
BRDA:54,12,0,3
BRDA:54,12,1,3
BRDA:54,13,0,0
BRDA:54,13,1,6
BRDA:54,14,0,0
BRDA:54,14,1,6
BRDA:54,15,0,0
BRDA:54,15,1,6
BRDA:54,16,0,0
BRDA:54,16,1,6
BRDA:55,17,0,0
BRDA:55,17,1,3
BRDA:59,18,0,0
BRDA:59,18,1,3
BRDA:59,19,0,0
BRDA:59,19,1,3
BRDA:60,20,0,0
BRDA:60,20,1,3
BRDA:60,21,0,0
BRDA:60,21,1,3
BRDA:62,22,0,1
BRDA:62,22,1,2
BRDA:62,23,0,0
BRDA:62,23,1,3
BRDA:62,24,0,0
BRDA:62,24,1,3
BRDA:62,25,0,0
BRDA:62,25,1,3
BRDA:62,26,0,0
BRDA:62,26,1,3
BRDA:63,27,0,0
BRDA:63,27,1,1
BRDA:67,28,0,0
BRDA:67,28,1,1
BRDA:67,29,0,0
BRDA:67,29,1,1
BRDA:68,30,0,0
BRDA:68,30,1,1
BRDA:68,31,0,0
BRDA:68,31,1,1
BRDA:70,32,0,1
BRDA:70,32,1,1
BRDA:70,33,0,0
BRDA:70,33,1,2
BRDA:70,34,0,0
BRDA:70,34,1,2
BRDA:70,35,0,0
BRDA:70,35,1,2
BRDA:70,36,0,0
BRDA:70,36,1,2
BRDA:71,37,0,0
BRDA:71,37,1,1
BRDA:75,38,0,0
BRDA:75,38,1,1
BRDA:75,39,0,0
BRDA:75,39,1,1
BRDA:76,40,0,0
BRDA:76,40,1,1
BRDA:76,41,0,0
BRDA:76,41,1,1
BRDA:79,42,0,0
BRDA:79,42,1,1
BRDA:83,43,0,0
BRDA:83,43,1,1
BRDA:86,44,0,0
BRDA:86,44,1,5
BRDA:89,45,0,0
BRDA:89,45,1,1
BRDA:90,46,0,0
BRDA:90,46,1,1
BRF:99
BRH:56
end_of_record
TN:
SF:.stryker-tmp\sandbox4766850\src\isPalindrome.js
FN:2,stryNS_9fa48
FN:8,retrieveNS
FN:15,stryCov_9fa48
FN:21,cover
FN:34,stryMutAct_9fa48
FN:36,isActive
FN:48,isPalindrome
FNF:7
FNH:7
FNDA:1,stryNS_9fa48
FNDA:3,retrieveNS
FNDA:1,stryCov_9fa48
FNDA:289,cover
FNDA:1,stryMutAct_9fa48
FNDA:417,isActive
FNDA:12,isPalindrome
DA:3,1
DA:4,1
DA:5,1
DA:6,0
DA:9,3
DA:11,1
DA:12,1
DA:14,1
DA:16,1
DA:17,1
DA:22,289
DA:23,289
DA:24,0
DA:26,289
DA:27,289
DA:28,417
DA:31,1
DA:32,1
DA:35,1
DA:37,417
DA:38,0
DA:39,0
DA:41,0
DA:43,417
DA:45,1
DA:46,1
DA:49,12
DA:52,12
DA:53,12
DA:55,12
DA:56,12
DA:57,40
DA:60,40
DA:61,40
DA:62,40
DA:63,40
DA:66,12
DA:67,8
DA:70,1
DA:71,1
LF:40
LH:35
BRDA:3,0,0,1
BRDA:3,0,1,1
BRDA:3,0,2,1
BRDA:3,0,3,1
BRDA:3,0,4,0
BRDA:4,1,0,1
BRDA:4,1,1,1
BRDA:5,2,0,0
BRDA:5,2,1,1
BRDA:5,3,0,1
BRDA:5,3,1,1
BRDA:5,3,2,1
BRDA:5,3,3,1
BRDA:17,4,0,1
BRDA:17,4,1,1
BRDA:23,5,0,0
BRDA:23,5,1,289
BRDA:24,6,0,0
BRDA:24,6,1,0
BRDA:28,7,0,417
BRDA:28,7,1,15
BRDA:37,8,0,0
BRDA:37,8,1,417
BRDA:38,9,0,0
BRDA:38,9,1,0
BRDA:38,10,0,0
BRDA:38,10,1,0
BRDA:49,11,0,0
BRDA:49,11,1,12
BRDA:56,12,0,0
BRDA:56,12,1,52
BRDA:56,13,0,0
BRDA:56,13,1,52
BRDA:56,14,0,0
BRDA:56,14,1,52
BRDA:57,15,0,0
BRDA:57,15,1,40
BRDA:61,16,0,0
BRDA:61,16,1,40
BRDA:62,17,0,0
BRDA:62,17,1,40
BRDA:62,18,0,0
BRDA:62,18,1,40
BRDA:63,19,0,0
BRDA:63,19,1,40
BRDA:66,20,0,4
BRDA:66,20,1,8
BRDA:66,21,0,0
BRDA:66,21,1,12
BRDA:66,22,0,0
BRDA:66,22,1,12
BRDA:66,23,0,0
BRDA:66,23,1,12
BRDA:66,24,0,0
BRDA:66,24,1,4
BRDA:67,25,0,0
BRDA:67,25,1,8
BRDA:71,26,0,0
BRDA:71,26,1,1
BRF:59
BRH:34
end_of_record
TN:
SF:.stryker-tmp\sandbox4766850\src\mergeSort.js
FN:2,stryNS_9fa48
FN:8,retrieveNS
FN:15,stryCov_9fa48
FN:21,cover
FN:34,stryMutAct_9fa48
FN:36,isActive
FN:48,merge
FN:79,mergeSort
FNF:8
FNH:8
FNDA:1,stryNS_9fa48
FNDA:3,retrieveNS
FNDA:1,stryCov_9fa48
FNDA:324,cover
FNDA:1,stryMutAct_9fa48
FNDA:587,isActive
FNDA:16,merge
FNDA:37,mergeSort
DA:3,1
DA:4,1
DA:5,1
DA:6,0
DA:9,3
DA:11,1
DA:12,1
DA:14,1
DA:16,1
DA:17,1
DA:22,324
DA:23,324
DA:24,0
DA:26,324
DA:27,324
DA:28,587
DA:31,1
DA:32,1
DA:35,1
DA:37,587
DA:38,0
DA:39,0
DA:41,0
DA:43,587
DA:45,1
DA:46,1
DA:49,16
DA:52,16
DA:53,16
DA:54,16
DA:55,34
DA:58,34
DA:59,34
DA:60,16
DA:63,16
DA:64,16
DA:67,18
DA:70,18
DA:71,18
DA:76,16
DA:80,37
DA:83,37
DA:84,37
DA:85,16
DA:86,16
DA:87,16
DA:88,16
DA:91,1
DA:92,1
LF:49
LH:44
BRDA:3,0,0,1
BRDA:3,0,1,1
BRDA:3,0,2,1
BRDA:3,0,3,1
BRDA:3,0,4,0
BRDA:4,1,0,1
BRDA:4,1,1,1
BRDA:5,2,0,0
BRDA:5,2,1,1
BRDA:5,3,0,1
BRDA:5,3,1,1
BRDA:5,3,2,1
BRDA:5,3,3,1
BRDA:17,4,0,1
BRDA:17,4,1,1
BRDA:23,5,0,0
BRDA:23,5,1,324
BRDA:24,6,0,0
BRDA:24,6,1,0
BRDA:28,7,0,587
BRDA:28,7,1,22
BRDA:37,8,0,0
BRDA:37,8,1,587
BRDA:38,9,0,0
BRDA:38,9,1,0
BRDA:38,10,0,0
BRDA:38,10,1,0
BRDA:49,11,0,0
BRDA:49,11,1,16
BRDA:53,12,0,0
BRDA:53,12,1,16
BRDA:54,13,0,0
BRDA:54,13,1,50
BRDA:54,14,0,0
BRDA:54,14,1,0
BRDA:54,15,0,0
BRDA:54,15,1,50
BRDA:54,16,0,50
BRDA:54,16,1,41
BRDA:55,17,0,0
BRDA:55,17,1,34
BRDA:59,18,0,16
BRDA:59,18,1,18
BRDA:59,19,0,0
BRDA:59,19,1,34
BRDA:59,20,0,0
BRDA:59,20,1,34
BRDA:59,21,0,0
BRDA:59,21,1,34
BRDA:59,22,0,0
BRDA:59,22,1,34
BRDA:60,23,0,0
BRDA:60,23,1,16
BRDA:67,24,0,0
BRDA:67,24,1,18
BRDA:76,25,0,0
BRDA:76,25,1,16
BRDA:80,26,0,0
BRDA:80,26,1,37
BRDA:84,27,0,21
BRDA:84,27,1,16
BRDA:84,28,0,0
BRDA:84,28,1,37
BRDA:84,29,0,0
BRDA:84,29,1,37
BRDA:84,30,0,0
BRDA:84,30,1,37
BRDA:84,31,0,0
BRDA:84,31,1,37
BRDA:85,32,0,0
BRDA:85,32,1,16
BRDA:86,33,0,0
BRDA:86,33,1,16
BRDA:87,34,0,0
BRDA:87,34,1,16
BRDA:91,35,0,0
BRDA:91,35,1,1
BRDA:92,36,0,0
BRDA:92,36,1,1
BRF:79
BRH:45
end_of_record
TN:
SF:src\basic.js
FN:1,add
FN:5,substract
FN:9,multiply
FN:13,divide
FNF:4
FNH:4
FNDA:8,add
FNDA:1,substract
FNDA:1,multiply
FNDA:1,divide
DA:2,8
DA:6,1
DA:10,1
DA:14,1
DA:17,1
LF:5
LH:5
BRF:0
BRH:0
end_of_record
TN:
SF:src\converter.js
FN:1,WeightConverter
FNF:1
FNH:1
FNDA:6,WeightConverter
DA:5,6
DA:7,3
DA:8,3
DA:9,3
DA:10,1
DA:11,1
DA:12,2
DA:13,1
DA:14,1
DA:16,1
DA:18,5
DA:21,1
DA:22,1
LF:13
LH:13
BRDA:5,0,0,3
BRDA:5,0,1,3
BRDA:9,1,0,1
BRDA:9,1,1,2
BRDA:12,2,0,1
BRDA:12,2,1,1
BRF:6
BRH:6
end_of_record
TN:
SF:src\isPalindrome.js
FN:1,isPalindrome
FNF:1
FNH:1
FNDA:12,isPalindrome
DA:2,12
DA:3,12
DA:4,12
DA:5,40
DA:6,40
DA:7,40
DA:9,12
DA:10,8
DA:12,1
DA:13,1
LF:10
LH:10
BRDA:9,0,0,4
BRDA:9,0,1,8
BRF:2
BRH:2
end_of_record
TN:
SF:src\mergeSort.js
FN:1,merge
FN:12,mergeSort
FNF:2
FNH:2
FNDA:16,merge
FNDA:37,mergeSort
DA:2,16
DA:3,16
DA:4,34
DA:5,16
DA:7,18
DA:10,16
DA:13,37
DA:14,16
DA:15,16
DA:16,16
DA:17,16
DA:19,1
DA:20,1
LF:13
LH:13
BRDA:3,0,0,50
BRDA:3,0,1,41
BRDA:4,1,0,16
BRDA:4,1,1,18
BRDA:13,2,0,21
BRDA:13,2,1,16
BRF:6
BRH:6
end_of_record
