TN:
SF:src\basic.js
FN:1,add
FN:5,substract
FN:9,multiply
FN:13,divide
FNF:4
FNH:4
FNDA:8,add
FNDA:1,substract
FNDA:1,multiply
FNDA:1,divide
DA:2,8
DA:6,1
DA:10,1
DA:14,1
DA:17,1
LF:5
LH:5
BRF:0
BRH:0
end_of_record
TN:
SF:src\converter.js
FN:1,WeightConverter
FNF:1
FNH:1
FNDA:5,WeightConverter
DA:5,5
DA:7,2
DA:8,2
DA:9,3
DA:10,1
DA:11,1
DA:12,2
DA:13,1
DA:14,1
DA:16,1
DA:18,4
DA:21,1
DA:22,1
LF:13
LH:13
BRDA:5,0,0,2
BRDA:5,0,1,3
BRDA:9,1,0,1
BRDA:9,1,1,2
BRDA:12,2,0,1
BRDA:12,2,1,1
BRF:6
BRH:6
end_of_record
TN:
SF:src\isPalindrome.js
FN:1,isPalindrome
FNF:1
FNH:1
FNDA:12,isPalindrome
DA:2,12
DA:3,12
DA:4,12
DA:5,40
DA:6,40
DA:7,40
DA:9,12
DA:10,8
DA:12,1
DA:13,1
LF:10
LH:10
BRDA:9,0,0,4
BRDA:9,0,1,8
BRF:2
BRH:2
end_of_record
TN:
SF:src\mergeSort.js
FN:1,merge
FN:12,mergeSort
FNF:2
FNH:2
FNDA:16,merge
FNDA:37,mergeSort
DA:2,16
DA:3,16
DA:4,34
DA:5,16
DA:7,18
DA:10,16
DA:13,37
DA:14,16
DA:15,16
DA:16,16
DA:17,16
DA:19,1
DA:21,1
LF:13
LH:13
BRDA:3,0,0,50
BRDA:3,0,1,41
BRDA:4,1,0,16
BRDA:4,1,1,18
BRDA:13,2,0,21
BRDA:13,2,1,16
BRF:6
BRH:6
end_of_record
